<?xml version="1.0" encoding="UTF-8"?>
<!-- Generated by org.testng.reporters.JUnitReportReporter -->
<testsuite hostname="DESKTOP-BQHHH7G" failures="0" tests="1" name="testdemo.Demo1Test" time="0.016" errors="0" timestamp="2023-12-23T16:12:14 IST" skipped="0">
  <testcase classname="testdemo.Demo1Test" name="test1" time="0.016">
    <system-out>
      <![CDATA[Testing Demo1Test class]]>
    </system-out>
  </testcase> <!-- test1 -->
  <system-out>
    <![CDATA[Testing Demo1Test class]]>
  </system-out>
</testsuite> <!-- testdemo.Demo1Test -->
